<?xml version="1.0" encoding="UTF-8"?>
<testng-results ignored="0" total="0" passed="0" failed="0" skipped="0">
  <reporter-output>
  </reporter-output>
  <suite started-at="2021-07-13T11:06:49 GST" name="RegressionSuite" finished-at="2021-07-13T11:06:49 GST" duration-ms="14">
    <groups>
    </groups>
    <test started-at="2021-07-13T11:06:49 GST" name="RegressionTest" finished-at="2021-07-13T11:06:49 GST" duration-ms="14">
    </test> <!-- RegressionTest -->
  </suite> <!-- RegressionSuite -->
</testng-results>
